<?xml version="1.0" encoding="UTF-8"?>
<!-- Generated by org.testng.reporters.JUnitXMLReporter -->
<testsuite ignored="0" hostname="MacBook-Pro-cua-LAP00837.local" failures="1" tests="1" name="Package with subpackages" time="6.171" errors="0" timestamp="25 Aug 2020 09:52:19 GMT">
  <testcase classname="cucumber.api.testng.AbstractTestNGCucumberTests" name="runScenario" time="5.872">
    <failure type="java.lang.NullPointerException">
      <![CDATA[java.lang.NullPointerException
at POM.LoginPage.InputUserName(LoginPage.java:31)
at stepDefinitions.LoginTest.user_input_correct_email(LoginTest.java:27)
at ✽.user input correct email(file:src/test/java/features/Login.feature:6)
]]>
    </failure>
  </testcase> <!-- runScenario -->
</testsuite> <!-- Package with subpackages -->
