<?xml version="1.0" encoding="UTF-8"?>
<!-- Generated by org.testng.reporters.JUnitXMLReporter -->
<testsuite ignored="0" hostname="MacBook-Pro-cua-LAP00837.local" failures="1" tests="1" name="Default test(failed)(failed)(failed)(failed)" time="0.039" errors="0" timestamp="19 Aug 2020 10:48:09 GMT">
  <testcase classname="TC.LoginTest" name="TestLogin" time="0.013">
    <failure type="java.lang.NoClassDefFoundError" message="org/openqa/selenium/remote/service/DriverService$Builder">
      <![CDATA[java.lang.NoClassDefFoundError: org/openqa/selenium/remote/service/DriverService$Builder
at common.Base.before(Base.java:18)
at TC.LoginTest.TestLogin(LoginTest.java:14)
Caused by: java.lang.ClassNotFoundException: org.openqa.selenium.remote.service.DriverService$Builder
at java.base/jdk.internal.loader.BuiltinClassLoader.loadClass(BuiltinClassLoader.java:581)
at java.base/jdk.internal.loader.ClassLoaders$AppClassLoader.loadClass(ClassLoaders.java:178)
at java.base/java.lang.ClassLoader.loadClass(ClassLoader.java:521)
... 27 more
... Removed 25 stack frames]]>
    </failure>
  </testcase> <!-- TestLogin -->
</testsuite> <!-- Default test(failed)(failed)(failed)(failed) -->
